[2026-05-19T17:48:58.461Z] {"timestamp":1779212872679,"level":"LOG","args":["[vite] server connection lost. Polling for restart..."],"stack":null}
[2026-05-19T17:49:04.487Z] {"timestamp":1779212940597,"level":"DEBUG","args":["[Manus] Debug collector initialized (no rrweb, UI events only)"],"stack":null}
[2026-05-19T17:49:04.487Z] {"timestamp":1779212940652,"level":"DEBUG","args":["[vite] connected."],"stack":null}
[2026-05-19T17:49:04.603Z] {"timestamp":1779212944512,"level":"INFO","args":["%cDownload the React DevTools for a better development experience: https://react.dev/link/react-devtools","font-weight:bold"],"stack":null}
[2026-05-19T17:49:11.570Z] {"timestamp":1779212949561,"level":"DEBUG","args":["[Manus] Debug collector initialized (no rrweb, UI events only)"],"stack":null}
[2026-05-19T17:49:11.570Z] {"timestamp":1779212949631,"level":"DEBUG","args":["[vite] connected."],"stack":null}
[2026-05-19T17:49:11.570Z] {"timestamp":1779212949672,"level":"INFO","args":["%cDownload the React DevTools for a better development experience: https://react.dev/link/react-devtools","font-weight:bold"],"stack":null}
[2026-05-19T17:52:09.285Z] {"timestamp":1779213128427,"level":"WARN","args":["Warning: Missing `Description` or `aria-describedby={undefined}` for {DialogContent}."],"stack":null}
[2026-05-19T17:53:35.557Z] {"timestamp":1779213195727,"level":"DEBUG","args":["[vite]","hot updated: /src/pages/Home.tsx"],"stack":null}
[2026-05-19T17:53:35.557Z] {"timestamp":1779213195727,"level":"DEBUG","args":["[vite]","hot updated: /src/index.css"],"stack":null}
[2026-05-19T17:53:35.557Z] {"timestamp":1779213196686,"level":"ERROR","args":["An empty string (\"\") was passed to the %s attribute. This may cause the browser to download the whole page again over the network. To fix this, either do not render the element at all or pass null to %s instead of an empty string.","src","src"],"stack":"Error\n    at console.<computed> [as error] (http://localhost:3000/__manus__/debug-collector.js:391:37)\n    at setProp (http://localhost:3000/@fs/C:/Users/cg3037983/Downloads/mano/node_modules/.vite/deps/react-dom_client.js?v=b5743b84:14205:39)\n    at updateProperties (http://localhost:3000/@fs/C:/Users/cg3037983/Downloads/mano/node_modules/.vite/deps/react-dom_client.js?v=b5743b84:15029:21)\n    at commitUpdate (http://localhost:3000/@fs/C:/Users/cg3037983/Downloads/mano/node_modules/.vite/deps/react-dom_client.js?v=b5743b84:15888:9)\n    at runWithFiberInDEV (http://localhost:3000/@fs/C:/Users/cg3037983/Downloads/mano/node_modules/.vite/deps/react-dom_client.js?v=b5743b84:997:72)\n    at commitHostUpdate (http://localhost:3000/@fs/C:/Users/cg3037983/Downloads/mano/node_modules/.vite/deps/react-dom_client.js?v=b5743b84:9671:11)\n    at commitMutationEffectsOnFiber (http://localhost:3000/@fs/C:/Users/cg3037983/Downloads/mano/node_modules/.vite/deps/react-dom_client.js?v=b5743b84:10562:115)\n    at recursivelyTraverseMutationEffects (http://localhost:3000/@fs/C:/Users/cg3037983/Downloads/mano/node_modules/.vite/deps/react-dom_client.js?v=b5743b84:10396:13)\n    at commitMutationEffectsOnFiber (http://localhost:3000/@fs/C:/Users/cg3037983/Downloads/mano/node_modules/.vite/deps/react-dom_client.js?v=b5743b84:10547:13)\n    at recursivelyTraverseMutationEffects (http://localhost:3000/@fs/C:/Users/cg3037983/Downloads/mano/node_modules/.vite/deps/react-dom_client.js?v=b5743b84:10396:13)"}
[2026-05-19T17:53:35.557Z] {"timestamp":1779213213171,"level":"DEBUG","args":["[vite]","hot updated: /src/pages/Home.tsx"],"stack":null}
[2026-05-19T17:53:35.557Z] {"timestamp":1779213213171,"level":"DEBUG","args":["[vite]","hot updated: /src/index.css"],"stack":null}
[2026-05-19T17:53:53.679Z] {"timestamp":1779213233328,"level":"DEBUG","args":["[vite]","hot updated: /src/pages/Home.tsx"],"stack":null}
[2026-05-19T17:53:53.679Z] {"timestamp":1779213233328,"level":"DEBUG","args":["[vite]","hot updated: /src/index.css"],"stack":null}
[2026-05-19T17:53:55.677Z] {"timestamp":1779213233682,"level":"ERROR","args":["An empty string (\"\") was passed to the %s attribute. This may cause the browser to download the whole page again over the network. To fix this, either do not render the element at all or pass null to %s instead of an empty string.","src","src"],"stack":"Error\n    at console.<computed> [as error] (http://localhost:3000/__manus__/debug-collector.js:391:37)\n    at setProp (http://localhost:3000/@fs/C:/Users/cg3037983/Downloads/mano/node_modules/.vite/deps/react-dom_client.js?v=b5743b84:14205:39)\n    at updateProperties (http://localhost:3000/@fs/C:/Users/cg3037983/Downloads/mano/node_modules/.vite/deps/react-dom_client.js?v=b5743b84:15029:21)\n    at commitUpdate (http://localhost:3000/@fs/C:/Users/cg3037983/Downloads/mano/node_modules/.vite/deps/react-dom_client.js?v=b5743b84:15888:9)\n    at runWithFiberInDEV (http://localhost:3000/@fs/C:/Users/cg3037983/Downloads/mano/node_modules/.vite/deps/react-dom_client.js?v=b5743b84:997:72)\n    at commitHostUpdate (http://localhost:3000/@fs/C:/Users/cg3037983/Downloads/mano/node_modules/.vite/deps/react-dom_client.js?v=b5743b84:9671:11)\n    at commitMutationEffectsOnFiber (http://localhost:3000/@fs/C:/Users/cg3037983/Downloads/mano/node_modules/.vite/deps/react-dom_client.js?v=b5743b84:10562:115)\n    at recursivelyTraverseMutationEffects (http://localhost:3000/@fs/C:/Users/cg3037983/Downloads/mano/node_modules/.vite/deps/react-dom_client.js?v=b5743b84:10396:13)\n    at commitMutationEffectsOnFiber (http://localhost:3000/@fs/C:/Users/cg3037983/Downloads/mano/node_modules/.vite/deps/react-dom_client.js?v=b5743b84:10547:13)\n    at recursivelyTraverseMutationEffects (http://localhost:3000/@fs/C:/Users/cg3037983/Downloads/mano/node_modules/.vite/deps/react-dom_client.js?v=b5743b84:10396:13)"}
[2026-05-19T17:54:17.496Z] {"timestamp":1779213256411,"level":"DEBUG","args":["[vite]","hot updated: /src/pages/Home.tsx"],"stack":null}
[2026-05-19T17:54:17.496Z] {"timestamp":1779213256411,"level":"DEBUG","args":["[vite]","hot updated: /src/index.css"],"stack":null}
[2026-05-19T17:54:26.528Z] {"timestamp":1779213264513,"level":"DEBUG","args":["[Manus] Debug collector initialized (no rrweb, UI events only)"],"stack":null}
[2026-05-19T17:54:26.528Z] {"timestamp":1779213264517,"level":"DEBUG","args":["[vite] connected."],"stack":null}
[2026-05-19T17:54:26.528Z] {"timestamp":1779213264554,"level":"INFO","args":["%cDownload the React DevTools for a better development experience: https://react.dev/link/react-devtools","font-weight:bold"],"stack":null}
[2026-05-19T17:59:49.263Z] {"timestamp":1779213585242,"level":"DEBUG","args":["[vite]","hot updated: /src/pages/Home.tsx"],"stack":null}
[2026-05-19T17:59:49.263Z] {"timestamp":1779213585242,"level":"DEBUG","args":["[vite]","hot updated: /src/index.css"],"stack":null}
[2026-05-19T18:01:00.971Z] {"timestamp":1779213657932,"level":"ERROR","args":["[vite]","Failed to reload /src/pages/Home.tsx. This could be due to syntax errors or importing non-existent modules. (see errors above)"],"stack":"Error\n    at console.error (http://localhost:3000/__manus__/debug-collector.js:391:37)\n    at Object.error (http://localhost:3000/@vite/client:809:26)\n    at HMRClient.warnFailedUpdate (http://localhost:3000/@vite/client:181:15)\n    at HMRClient.fetchUpdate (http://localhost:3000/@vite/client:212:10)\n    at async Promise.all (index 0)\n    at async HMRClient.queueUpdate (http://localhost:3000/@vite/client:196:5)\n    at async Promise.all (index 0)\n    at async handleMessage (http://localhost:3000/@vite/client:838:4)"}
[2026-05-19T18:01:00.971Z] {"timestamp":1779213657934,"level":"DEBUG","args":["[vite]","hot updated: /src/pages/Home.tsx"],"stack":null}
[2026-05-19T18:01:00.971Z] {"timestamp":1779213657934,"level":"DEBUG","args":["[vite]","hot updated: /src/index.css"],"stack":null}
[2026-05-19T18:02:05.253Z] {"timestamp":1779213723997,"level":"DEBUG","args":["[vite]","hot updated: /src/App.tsx"],"stack":null}
[2026-05-19T18:02:05.253Z] {"timestamp":1779213723998,"level":"DEBUG","args":["[vite]","hot updated: /src/index.css"],"stack":null}
